<?xml version="1.0" encoding="UTF-8"?>
<!-- Generated by org.testng.reporters.JUnitReportReporter -->
<testsuite skipped="0" hostname="Sindhu-HP" name="com.chickfilaa.testcases.Testcase" tests="1" failures="0" timestamp="2020-09-07T09:00:49 EDT" time="107.901" errors="0">
  <testcase name="testcase" time="107.901" classname="com.chickfilaa.testcases.Testcase"/>
  <system-out/>
</testsuite> <!-- com.chickfilaa.testcases.Testcase -->
